app/build/outputs/logs/manifest-merger-debug-report.txt
-- Merging decision tree log ---
manifest
ADDED from src/main/AndroidManifest.xml:2:1-74:12
	package
		ADDED from src/main/AndroidManifest.xml:3:5-41
		INJECTED from src/main/AndroidManifest.xml
		INJECTED from src/main/AndroidManifest.xml
	android:versionName
		ADDED from src/main/AndroidManifest.xml:5:5-30
	android:versionCode
		ADDED from src/main/AndroidManifest.xml:4:5-28
		INJECTED from src/main/AndroidManifest.xml
		INJECTED from src/main/AndroidManifest.xml
	xmlns:android
		ADDED from src/main/AndroidManifest.xml:2:11-69
uses-sdk
ADDED from src/main/AndroidManifest.xml:7:5-9:41
MERGED from [com.android.support:appcompat-v7:21.0.3] AndroidManifest.xml:15:5-42
MERGED from [com.android.support:support-v4:21.0.3] AndroidManifest.xml:15:5-42
MERGED from [com.android.support:support-v4:21.0.3] AndroidManifest.xml:15:5-42
MERGED from [com.mcxiaoke.volley:library-aar:1.0.0] AndroidManifest.xml:3:5-72
	android:targetSdkVersion
		ADDED from src/main/AndroidManifest.xml:9:9-38
		INJECTED from src/main/AndroidManifest.xml
		INJECTED from src/main/AndroidManifest.xml
	android:minSdkVersion
		ADDED from src/main/AndroidManifest.xml:8:9-34
		INJECTED from src/main/AndroidManifest.xml
		INJECTED from src/main/AndroidManifest.xml
uses-permission#android.permission.INTERNET
ADDED from src/main/AndroidManifest.xml:11:5-67
	android:name
		ADDED from src/main/AndroidManifest.xml:11:22-64
android:uses-permission#android.permission.WRITE_EXTERNAL_STORAGE
ADDED from src/main/AndroidManifest.xml:13:5-89
	android:name
		ADDED from src/main/AndroidManifest.xml:13:30-86
android:uses-permission#android.permission.READ_PHONE_STATE
ADDED from src/main/AndroidManifest.xml:14:5-83
	android:name
		ADDED from src/main/AndroidManifest.xml:14:30-80
android:uses-permission#android.permission.READ_EXTERNAL_STORAGE
ADDED from src/main/AndroidManifest.xml:15:5-88
	android:name
		ADDED from src/main/AndroidManifest.xml:15:30-85
application
ADDED from src/main/AndroidManifest.xml:17:5-72:19
MERGED from [com.android.support:appcompat-v7:21.0.3] AndroidManifest.xml:16:5-19
MERGED from [com.android.support:support-v4:21.0.3] AndroidManifest.xml:16:5-19
MERGED from [com.android.support:support-v4:21.0.3] AndroidManifest.xml:16:5-19
MERGED from [com.mcxiaoke.volley:library-aar:1.0.0] AndroidManifest.xml:5:5-19
	android:screenOrientation
		ADDED from src/main/AndroidManifest.xml:22:9-46
	android:label
		ADDED from src/main/AndroidManifest.xml:21:9-41
	android:allowBackup
		ADDED from src/main/AndroidManifest.xml:19:9-35
	android:icon
		ADDED from src/main/AndroidManifest.xml:20:9-45
	android:theme
		ADDED from src/main/AndroidManifest.xml:23:9-40
	android:name
		ADDED from src/main/AndroidManifest.xml:18:9-42
activity#com.gursharn.centennialpro.activity.LoginActivity
ADDED from src/main/AndroidManifest.xml:24:9-34:20
	android:label
		ADDED from src/main/AndroidManifest.xml:26:13-45
	android:launchMode
		ADDED from src/main/AndroidManifest.xml:27:13-43
	android:windowSoftInputMode
		ADDED from src/main/AndroidManifest.xml:28:13-52
	android:name
		ADDED from src/main/AndroidManifest.xml:25:13-51
intent-filter#android.intent.action.MAIN+android.intent.category.LAUNCHER
ADDED from src/main/AndroidManifest.xml:29:13-33:29
action#android.intent.action.MAIN
ADDED from src/main/AndroidManifest.xml:30:17-69
	android:name
		ADDED from src/main/AndroidManifest.xml:30:25-66
category#android.intent.category.LAUNCHER
ADDED from src/main/AndroidManifest.xml:32:17-77
	android:name
		ADDED from src/main/AndroidManifest.xml:32:27-74
activity#com.gursharn.centennialpro.activity.RegisterActivity
ADDED from src/main/AndroidManifest.xml:35:9-39:55
	android:label
		ADDED from src/main/AndroidManifest.xml:37:13-45
	android:launchMode
		ADDED from src/main/AndroidManifest.xml:38:13-43
	android:windowSoftInputMode
		ADDED from src/main/AndroidManifest.xml:39:13-52
	android:name
		ADDED from src/main/AndroidManifest.xml:36:13-54
activity#com.gursharn.centennialpro.activity.MainActivity
ADDED from src/main/AndroidManifest.xml:40:9-43:46
	android:label
		ADDED from src/main/AndroidManifest.xml:42:13-45
	android:launchMode
		ADDED from src/main/AndroidManifest.xml:43:13-43
	android:name
		ADDED from src/main/AndroidManifest.xml:41:13-50
activity#com.gursharn.centennialpro.activity.EventsActivity
ADDED from src/main/AndroidManifest.xml:44:9-47:46
	android:label
		ADDED from src/main/AndroidManifest.xml:46:13-45
	android:launchMode
		ADDED from src/main/AndroidManifest.xml:47:13-43
	android:name
		ADDED from src/main/AndroidManifest.xml:45:13-52
activity#com.gursharn.centennialpro.activity.ForumActivity
ADDED from src/main/AndroidManifest.xml:48:9-51:46
	android:label
		ADDED from src/main/AndroidManifest.xml:50:13-45
	android:launchMode
		ADDED from src/main/AndroidManifest.xml:51:13-43
	android:name
		ADDED from src/main/AndroidManifest.xml:49:13-51
activity#com.gursharn.centennialpro.activity.Topic_Comments
ADDED from src/main/AndroidManifest.xml:52:9-55:46
	android:label
		ADDED from src/main/AndroidManifest.xml:54:13-45
	android:launchMode
		ADDED from src/main/AndroidManifest.xml:55:13-43
	android:name
		ADDED from src/main/AndroidManifest.xml:53:13-52
activity#com.gursharn.centennialpro.activity.CategoryActivity
ADDED from src/main/AndroidManifest.xml:56:9-59:46
	android:label
		ADDED from src/main/AndroidManifest.xml:58:13-45
	android:launchMode
		ADDED from src/main/AndroidManifest.xml:59:13-43
	android:name
		ADDED from src/main/AndroidManifest.xml:57:13-54
activity#com.gursharn.centennialpro.activity.SemesterActivity
ADDED from src/main/AndroidManifest.xml:60:9-63:46
	android:label
		ADDED from src/main/AndroidManifest.xml:62:13-45
	android:launchMode
		ADDED from src/main/AndroidManifest.xml:63:13-43
	android:name
		ADDED from src/main/AndroidManifest.xml:61:13-54
activity#com.gursharn.centennialpro.activity.CourseActivity
ADDED from src/main/AndroidManifest.xml:64:9-67:46
	android:label
		ADDED from src/main/AndroidManifest.xml:66:13-45
	android:launchMode
		ADDED from src/main/AndroidManifest.xml:67:13-43
	android:name
		ADDED from src/main/AndroidManifest.xml:65:13-52
activity#com.gursharn.centennialpro.activity.DetailsActivity
ADDED from src/main/AndroidManifest.xml:68:9-71:46
	android:label
		ADDED from src/main/AndroidManifest.xml:70:13-45
	android:launchMode
		ADDED from src/main/AndroidManifest.xml:71:13-43
	android:name
		ADDED from src/main/AndroidManifest.xml:69:13-53